<?xml version="1.0" encoding="UTF-8"?>
<!-- Generated by org.testng.reporters.JUnitReportReporter -->
<testsuite skipped="0" hostname="kyatiservices" name="com.orangehrmproject.samplecase" tests="1" failures="0" timestamp="25 Jul 2019 00:55:20 GMT" time="0.033" errors="0">
  <testcase name="f" time="0.033" classname="com.orangehrmproject.samplecase"/>
</testsuite> <!-- com.orangehrmproject.samplecase -->
