<?xml version="1.0" encoding="UTF-8"?>
<!-- Generated by org.testng.reporters.JUnitReportReporter -->
<testsuite hostname="kyatiservices" name="com.orangehrmproject.AppTest" tests="1" failures="0" timestamp="25 Jul 2019 01:24:37 GMT" time="0.007" errors="0">
  <testcase name="shouldAnswerWithTrue" time="0.007" classname="com.orangehrmproject.AppTest"/>
</testsuite> <!-- com.orangehrmproject.AppTest -->
